c:\svn\frameworkc++\common\debug\esutil.pdb
c:\svn\frameworkc++\common\debug\esutil.idb
c:\svn\frameworkc++\common\debug\esshader.obj
c:\svn\frameworkc++\common\debug\esshapes.obj
c:\svn\frameworkc++\common\debug\estransform.obj
c:\svn\frameworkc++\common\debug\esutil.obj
c:\svn\frameworkc++\common\debug\esutil_tga.obj
c:\svn\frameworkc++\common\debug\esutil_win32.obj
c:\users\admin\source\repos\svn\common\debug\esutil.pdb
c:\users\admin\source\repos\svn\common\debug\esutil.idb
c:\users\admin\source\repos\svn\common\debug\esshader.obj
c:\users\admin\source\repos\svn\common\debug\esshapes.obj
c:\users\admin\source\repos\svn\common\debug\estransform.obj
c:\users\admin\source\repos\svn\common\debug\esutil.obj
c:\users\admin\source\repos\svn\common\debug\esutil_tga.obj
c:\users\admin\source\repos\svn\common\debug\esutil_win32.obj
c:\svn\frameworkc++\common\lib\esutil_d.lib
c:\users\admin\source\repos\svn\common\lib\esutil_d.lib
c:\users\admin\source\repos\svn\common\debug\esutil.tlog\cl.command.1.tlog
c:\users\admin\source\repos\svn\common\debug\esutil.tlog\cl.read.1.tlog
c:\users\admin\source\repos\svn\common\debug\esutil.tlog\cl.write.1.tlog
c:\users\admin\source\repos\svn\common\debug\esutil.tlog\lib-link.read.1.tlog
c:\users\admin\source\repos\svn\common\debug\esutil.tlog\lib-link.write.1.tlog
c:\users\admin\source\repos\svn\common\debug\esutil.tlog\lib.command.1.tlog
